<?xml version="1.0" encoding="UTF-8"?>
<!-- Generated by org.testng.reporters.JUnitXMLReporter -->
<testsuite ignored="0" hostname="DESKTOP-DA1V3E2" failures="0" tests="10" name="Default test" time="213.722" errors="0" timestamp="2022-01-17T14:25:04 IST">
  <testcase classname="runner.WebApp" name="HomePage" time="0.875"/>
  <testcase classname="runner.WebApp" name="SignUp" time="1.323"/>
  <testcase classname="runner.WebApp" name="HomepageLogin" time="1.019"/>
  <testcase classname="runner.WebApp" name="AboutPage" time="2.66"/>
  <testcase classname="runner.WebApp" name="ContactPage" time="5.068"/>
  <testcase classname="runner.WebApp" name="OnewayPage" time="11.681"/>
  <testcase classname="runner.WebApp" name="LocalPage" time="15.668"/>
  <testcase classname="runner.WebApp" name="OutstationPage" time="29.338"/>
  <testcase classname="runner.WebApp" name="AirportPage" time="23.955"/>
  <testcase classname="runner.WebApp" name="CorporatePage" time="8.946"/>
</testsuite> <!-- Default test -->
