<?xml version="1.0" encoding="UTF-8"?>
<testng-results ignored="0" total="0" passed="0" failed="0" skipped="0">
  <reporter-output>
  </reporter-output>
  <suite started-at="2022-01-17T09:28:56Z" name="com.mindtree.reusable.BaseTest" finished-at="2022-01-17T09:28:56Z" duration-ms="6">
    <groups>
    </groups>
    <test started-at="2022-01-17T09:28:56Z" name="Command line test" finished-at="2022-01-17T09:28:56Z" duration-ms="6">
    </test> <!-- Command line test -->
  </suite> <!-- com.mindtree.reusable.BaseTest -->
</testng-results>
